<?xml version="1.0" encoding="utf-8"?><testsuites name="pytest tests"><testsuite name="pytest" errors="0" failures="0" skipped="0" tests="3" time="0.077" timestamp="2025-06-29T01:41:45.168790-05:00" hostname="parrot"><testcase classname="tests.test_check_status_transitions.TestCheckStatusTransitions" name="test_skipped_status" time="0.003" /><testcase classname="tests.test_sandbox" name="test_forbidden_command" time="0.002" /><testcase classname="tests.test_sandbox" name="test_filesystem_access" time="0.003" /></testsuite></testsuites>